Removed Pin From Net: NetName=5V Pin=UART-1
Removed Pin From Net: NetName=U1_TX Pin=UART-2
Removed Pin From Net: NetName=U1_RX Pin=UART-3
Removed Pin From Net: NetName=GND Pin=UART-4
Removed Pin From Net: NetName=5V Pin=USB-1
Removed Pin From Net: NetName=USB_DM Pin=USB-2
Removed Pin From Net: NetName=USB_DP Pin=USB-3
Removed Pin From Net: NetName=BAT_ADC Pin=USB-4
Removed Pin From Net: NetName=GND Pin=USB-5
Removed Member From Class: ClassName=KeyboardControl Member=UART
Removed Member From Class: ClassName=KeyboardControl Member=USB
Change Component Comment : Designator=M1 Old Comment=ESP32_S3_WROOM_1U New Comment=ESP32_S3_WROOM_1U_N16R8
Change Component Comment : Designator=U1 Old Comment=Optical Tracking Miniature Chip New Comment=PAT9125EL
Added Component: Designator=CTRL(SH1.25MM_8P)
Added Pin To Net: NetName=5V Pin=CTRL-1
Added Pin To Net: NetName=USB_DM Pin=CTRL-2
Added Pin To Net: NetName=USB_DP Pin=CTRL-3
Added Pin To Net: NetName=GND Pin=CTRL-4
Added Pin To Net: NetName=BAT_ADC Pin=CTRL-5
Added Pin To Net: NetName=U1_TX Pin=CTRL-6
Added Pin To Net: NetName=U1_RX Pin=CTRL-7
Added Pin To Net: NetName=IO48 Pin=CTRL-8
Added Pin To Net: NetName=IO48 Pin=M1-25
Added Net: Name=IO48
Added Member To Class: ClassName=KeyboardControl Member=Component CTRL SH1.25mm_8P
