Removed Pin From Net: NetName=GND Pin=FPC-1
Removed Pin From Net: NetName=GND Pin=FPC-2
Removed Pin From Net: NetName=GND Pin=FPC-3
Removed Pin From Net: NetName=5V Pin=FPC-4
Removed Pin From Net: NetName=5V Pin=FPC-5
Removed Pin From Net: NetName=5V Pin=FPC-6
Removed Pin From Net: NetName=RGB Pin=FPC-7
Removed Pin From Net: NetName=ROW0 Pin=FPC-8
Removed Pin From Net: NetName=ROW1 Pin=FPC-9
Removed Pin From Net: NetName=ROW2 Pin=FPC-10
Removed Pin From Net: NetName=ROW3 Pin=FPC-11
Removed Pin From Net: NetName=ROW4 Pin=FPC-12
Removed Pin From Net: NetName=ROW5 Pin=FPC-13
Removed Pin From Net: NetName=COLA Pin=FPC-14
Removed Pin From Net: NetName=COL9 Pin=FPC-15
Removed Pin From Net: NetName=COL8 Pin=FPC-16
Removed Pin From Net: NetName=COL7 Pin=FPC-17
Removed Pin From Net: NetName=COL6 Pin=FPC-18
Removed Pin From Net: NetName=COL5 Pin=FPC-19
Removed Pin From Net: NetName=COL4 Pin=FPC-20
Removed Pin From Net: NetName=COL3 Pin=FPC-21
Removed Pin From Net: NetName=COL2 Pin=FPC-22
Removed Pin From Net: NetName=COL1 Pin=FPC-23
Removed Pin From Net: NetName=COL0 Pin=FPC-24
Added Pin To Net: NetName=COL0 Pin=FPC-1
Added Pin To Net: NetName=COL1 Pin=FPC-2
Added Pin To Net: NetName=COL2 Pin=FPC-3
Added Pin To Net: NetName=COL3 Pin=FPC-4
Added Pin To Net: NetName=COL4 Pin=FPC-5
Added Pin To Net: NetName=COL5 Pin=FPC-6
Added Pin To Net: NetName=COL6 Pin=FPC-7
Added Pin To Net: NetName=COL7 Pin=FPC-8
Added Pin To Net: NetName=COL8 Pin=FPC-9
Added Pin To Net: NetName=COL9 Pin=FPC-10
Added Pin To Net: NetName=COLA Pin=FPC-11
Added Pin To Net: NetName=ROW5 Pin=FPC-12
Added Pin To Net: NetName=ROW4 Pin=FPC-13
Added Pin To Net: NetName=ROW3 Pin=FPC-14
Added Pin To Net: NetName=ROW2 Pin=FPC-15
Added Pin To Net: NetName=ROW1 Pin=FPC-16
Added Pin To Net: NetName=ROW0 Pin=FPC-17
Added Pin To Net: NetName=RGB Pin=FPC-18
Added Pin To Net: NetName=5V Pin=FPC-19
Added Pin To Net: NetName=5V Pin=FPC-20
Added Pin To Net: NetName=5V Pin=FPC-21
Added Pin To Net: NetName=GND Pin=FPC-22
Added Pin To Net: NetName=GND Pin=FPC-23
Added Pin To Net: NetName=GND Pin=FPC-24
